12-31 20:33:39 com_github_MitjaNemec_PlaceFootprints.action_place_footprints 641:Plugin executed on: 'win32'
12-31 20:33:39 com_github_MitjaNemec_PlaceFootprints.action_place_footprints 642:Plugin executed with python version: '3.9.16 (main, Oct 13 2023, 05:50:11) [MSC v.1936 64 bit (AMD64)]'
12-31 20:33:39 com_github_MitjaNemec_PlaceFootprints.action_place_footprints 643:KiCad build version: 7.0.10
12-31 20:33:39 com_github_MitjaNemec_PlaceFootprints.action_place_footprints 644:Plugin version: 2.1.2
12-31 20:33:39 com_github_MitjaNemec_PlaceFootprints.action_place_footprints 645:Frame repr: <wx._core.Frame object at 0x0000029D5B44DD30>
12-31 20:33:39 com_github_MitjaNemec_PlaceFootprints.place_footprints 121:getting a list of all footprints on board
12-31 20:33:39 com_github_MitjaNemec_PlaceFootprints.place_footprints 156:Footprint C7 on root level
12-31 20:33:39 com_github_MitjaNemec_PlaceFootprints.place_footprints 156:Footprint H3 on root level
12-31 20:33:39 com_github_MitjaNemec_PlaceFootprints.place_footprints 156:Footprint J2 on root level
12-31 20:33:39 com_github_MitjaNemec_PlaceFootprints.place_footprints 156:Footprint U38 on root level
12-31 20:33:39 com_github_MitjaNemec_PlaceFootprints.place_footprints 156:Footprint C15 on root level
12-31 20:33:39 com_github_MitjaNemec_PlaceFootprints.place_footprints 156:Footprint C4 on root level
12-31 20:33:39 com_github_MitjaNemec_PlaceFootprints.place_footprints 156:Footprint D2 on root level
12-31 20:33:39 com_github_MitjaNemec_PlaceFootprints.place_footprints 156:Footprint U6 on root level
12-31 20:33:39 com_github_MitjaNemec_PlaceFootprints.place_footprints 156:Footprint U2 on root level
12-31 20:33:39 com_github_MitjaNemec_PlaceFootprints.place_footprints 156:Footprint R5 on root level
12-31 20:33:39 com_github_MitjaNemec_PlaceFootprints.place_footprints 156:Footprint H4 on root level
12-31 20:33:39 com_github_MitjaNemec_PlaceFootprints.place_footprints 156:Footprint C8 on root level
12-31 20:33:39 com_github_MitjaNemec_PlaceFootprints.place_footprints 156:Footprint C19 on root level
12-31 20:33:39 com_github_MitjaNemec_PlaceFootprints.place_footprints 156:Footprint H1 on root level
12-31 20:33:39 com_github_MitjaNemec_PlaceFootprints.place_footprints 156:Footprint U4 on root level
12-31 20:33:39 com_github_MitjaNemec_PlaceFootprints.place_footprints 156:Footprint U13 on root level
12-31 20:33:39 com_github_MitjaNemec_PlaceFootprints.place_footprints 156:Footprint D3 on root level
12-31 20:33:39 com_github_MitjaNemec_PlaceFootprints.place_footprints 156:Footprint J6 on root level
12-31 20:33:39 com_github_MitjaNemec_PlaceFootprints.place_footprints 156:Footprint J9 on root level
12-31 20:33:39 com_github_MitjaNemec_PlaceFootprints.place_footprints 156:Footprint J4 on root level
12-31 20:33:39 com_github_MitjaNemec_PlaceFootprints.place_footprints 156:Footprint C9 on root level
12-31 20:33:39 com_github_MitjaNemec_PlaceFootprints.place_footprints 156:Footprint C10 on root level
12-31 20:33:39 com_github_MitjaNemec_PlaceFootprints.place_footprints 156:Footprint U5 on root level
12-31 20:33:39 com_github_MitjaNemec_PlaceFootprints.place_footprints 156:Footprint J7 on root level
12-31 20:33:39 com_github_MitjaNemec_PlaceFootprints.place_footprints 156:Footprint C21 on root level
12-31 20:33:39 com_github_MitjaNemec_PlaceFootprints.place_footprints 156:Footprint U7 on root level
12-31 20:33:39 com_github_MitjaNemec_PlaceFootprints.place_footprints 156:Footprint C11 on root level
12-31 20:33:39 com_github_MitjaNemec_PlaceFootprints.place_footprints 156:Footprint J3 on root level
12-31 20:33:39 com_github_MitjaNemec_PlaceFootprints.place_footprints 156:Footprint C13 on root level
12-31 20:33:39 com_github_MitjaNemec_PlaceFootprints.place_footprints 156:Footprint U14 on root level
12-31 20:33:39 com_github_MitjaNemec_PlaceFootprints.place_footprints 156:Footprint D4 on root level
12-31 20:33:39 com_github_MitjaNemec_PlaceFootprints.place_footprints 156:Footprint C12 on root level
12-31 20:33:39 com_github_MitjaNemec_PlaceFootprints.place_footprints 156:Footprint C5 on root level
12-31 20:33:39 com_github_MitjaNemec_PlaceFootprints.place_footprints 156:Footprint C6 on root level
12-31 20:33:39 com_github_MitjaNemec_PlaceFootprints.place_footprints 156:Footprint C20 on root level
12-31 20:33:39 com_github_MitjaNemec_PlaceFootprints.place_footprints 156:Footprint J1 on root level
12-31 20:33:39 com_github_MitjaNemec_PlaceFootprints.place_footprints 156:Footprint J8 on root level
12-31 20:33:39 com_github_MitjaNemec_PlaceFootprints.place_footprints 156:Footprint H6 on root level
12-31 20:33:39 com_github_MitjaNemec_PlaceFootprints.place_footprints 156:Footprint J5 on root level
12-31 20:33:39 com_github_MitjaNemec_PlaceFootprints.place_footprints 156:Footprint H2 on root level
12-31 20:33:39 com_github_MitjaNemec_PlaceFootprints.place_footprints 156:Footprint H5 on root level
12-31 20:33:39 com_github_MitjaNemec_PlaceFootprints.place_footprints 156:Footprint R36 on root level
12-31 20:33:40 com_github_MitjaNemec_PlaceFootprints.action_place_footprints 86:By Sheet GUI initialized
12-31 20:33:40 com_github_MitjaNemec_PlaceFootprints.action_place_footprints 95:Selecting: 1
12-31 20:33:40 com_github_MitjaNemec_PlaceFootprints.action_place_footprints 99:Should invoke level_changed()
12-31 20:33:40 com_github_MitjaNemec_PlaceFootprints.action_place_footprints 276:Level_changed() invoked
12-31 20:33:40 com_github_MitjaNemec_PlaceFootprints.place_footprints 244:constructing a list of sheets suitable for replication on level:'amp1', file:'amp.kicad_sch'
12-31 20:33:40 com_github_MitjaNemec_PlaceFootprints.place_footprints 279:suitable sheets are:[['amp2'], ['amp3'], ['amp4'], ['amp5'], ['amp6'], ['amp7'], ['amp8']]
12-31 20:33:42 com_github_MitjaNemec_PlaceFootprints.action_place_footprints 184:Saving config sheet
12-31 20:33:42 com_github_MitjaNemec_PlaceFootprints.action_place_footprints 196:Saving config sheet linear
12-31 20:33:42 com_github_MitjaNemec_PlaceFootprints.action_place_footprints 216:Saving config saving file
12-31 20:33:42 com_github_MitjaNemec_PlaceFootprints.action_place_footprints 712:Sheets selected: [['amp2'], ['amp3'], ['amp4'], ['amp5'], ['amp6'], ['amp7'], ['amp8']]
12-31 20:33:42 com_github_MitjaNemec_PlaceFootprints.action_place_footprints 721:Footprints to place: ['U61', 'U62', 'U63', 'U64', 'U65', 'U66', 'U67', 'U68']
12-31 20:33:42 com_github_MitjaNemec_PlaceFootprints.place_footprints 367:Starting placing with linear layout
12-31 20:33:42 com_github_MitjaNemec_PlaceFootprints.action_place_footprints 766:Placing complete
12-31 20:33:42 com_github_MitjaNemec_PlaceFootprints.action_place_footprints 767:Sorted_footprints: ['U61', 'U62', 'U63', 'U64', 'U65', 'U66', 'U67', 'U68']
