12-31 20:33:44 com_github_MitjaNemec_ReplicateLayout.action_replicate_layout 392:Plugin executed on: 'win32'
12-31 20:33:44 com_github_MitjaNemec_ReplicateLayout.action_replicate_layout 393:Plugin executed with python version: '3.9.16 (main, Oct 13 2023, 05:50:11) [MSC v.1936 64 bit (AMD64)]'
12-31 20:33:44 com_github_MitjaNemec_ReplicateLayout.action_replicate_layout 394:KiCad build version: 7.0.10
12-31 20:33:44 com_github_MitjaNemec_ReplicateLayout.action_replicate_layout 395:Plugin version: 2.1.3
12-31 20:33:44 com_github_MitjaNemec_ReplicateLayout.action_replicate_layout 396:Frame repr: <wx._core.Frame object at 0x0000029D5B44DD30>
12-31 20:33:44 com_github_MitjaNemec_ReplicateLayout.action_replicate_layout 420:Preparing replicator with U61 as a reference
12-31 20:33:44 com_github_MitjaNemec_ReplicateLayout.replicate_layout 117:getting a list of all footprints on board
12-31 20:33:44 com_github_MitjaNemec_ReplicateLayout.action_replicate_layout 468:source anchor footprint is 'U61'
Located on: ['amp1']
With filenames: ['amp.kicad_sch']
With sheet_id:['amp1']
12-31 20:33:44 com_github_MitjaNemec_ReplicateLayout.action_replicate_layout 475:Corresponding footprints are 
[('U61', ['amp1']), ('U65', ['amp5']), ('U67', ['amp7']), ('U64', ['amp4']), ('U66', ['amp6']), ('U62', ['amp2']), ('U63', ['amp3']), ('U68', ['amp8'])]
12-31 20:33:44 com_github_MitjaNemec_ReplicateLayout.action_replicate_layout 487:Showing dialog
12-31 20:33:44 com_github_MitjaNemec_ReplicateLayout.replicate_layout 424:constructing a list of sheets suitable for replication on level:'amp1', file:'amp.kicad_sch'
12-31 20:33:44 com_github_MitjaNemec_ReplicateLayout.replicate_layout 461:suitable sheets are:[['amp2'], ['amp3'], ['amp4'], ['amp5'], ['amp6'], ['amp7'], ['amp8']]
12-31 20:33:44 com_github_MitjaNemec_ReplicateLayout.replicate_layout 1464:Level selected: ['amp1']
12-31 20:33:44 com_github_MitjaNemec_ReplicateLayout.replicate_layout 1299:Filtering list of tracks
12-31 20:33:44 com_github_MitjaNemec_ReplicateLayout.action_replicate_layout 493:Toolbar position: wx.Point(3437, 138)
12-31 20:33:44 com_github_MitjaNemec_ReplicateLayout.action_replicate_layout 498:Dialog position: wx.Point(2998, 138)
12-31 20:33:51 com_github_MitjaNemec_ReplicateLayout.replicate_layout 424:constructing a list of sheets suitable for replication on level:'amp1', file:'amp.kicad_sch'
12-31 20:33:51 com_github_MitjaNemec_ReplicateLayout.replicate_layout 461:suitable sheets are:[['amp2'], ['amp3'], ['amp4'], ['amp5'], ['amp6'], ['amp7'], ['amp8']]
12-31 20:33:51 com_github_MitjaNemec_ReplicateLayout.action_replicate_layout 240:Replicating layout
12-31 20:33:51 com_github_MitjaNemec_ReplicateLayout.replicate_layout 240:Starting replication of sheets: [['amp2'], ['amp3'], ['amp4'], ['amp5'], ['amp6'], ['amp7'], ['amp8']]
on level: ['amp1']
with tracks=True, zone=True, text=True, text=True, intersecting=False, remove=True, locked footprints=False, group_only=False
12-31 20:33:51 root 332:updating GUI message: 'Preparing for replication'
12-31 20:33:51 root 337:updating GUI with: 0
12-31 20:33:51 com_github_MitjaNemec_ReplicateLayout.replicate_layout 310:Getting the list of source footprints
12-31 20:33:51 com_github_MitjaNemec_ReplicateLayout.replicate_layout 320:Getting the list of all the remaining footprints
12-31 20:33:51 com_github_MitjaNemec_ReplicateLayout.replicate_layout 327:Getting source tracks
12-31 20:33:51 com_github_MitjaNemec_ReplicateLayout.replicate_layout 1299:Filtering list of tracks
12-31 20:33:51 com_github_MitjaNemec_ReplicateLayout.replicate_layout 331:Getting source zones
12-31 20:33:51 com_github_MitjaNemec_ReplicateLayout.replicate_layout 335:Getting source text items
12-31 20:33:51 com_github_MitjaNemec_ReplicateLayout.replicate_layout 339:Getting source drawing items
12-31 20:33:51 com_github_MitjaNemec_ReplicateLayout.replicate_layout 272:Removing tracks and zones, before footprint placement
12-31 20:33:51 root 332:updating GUI message: 'Removing zones and tracks'
12-31 20:33:51 com_github_MitjaNemec_ReplicateLayout.replicate_layout 1245:Remove bounding box top:37700000, bottom:49800000, Left:128950000, Right:229057000
12-31 20:33:51 com_github_MitjaNemec_ReplicateLayout.replicate_layout 1245:Remove bounding box top:50200000, bottom:62300000, Left:128950000, Right:229057000
12-31 20:33:51 root 337:updating GUI with: 28
12-31 20:33:51 com_github_MitjaNemec_ReplicateLayout.replicate_layout 1245:Remove bounding box top:62700000, bottom:74800000, Left:128950000, Right:229057000
12-31 20:33:51 com_github_MitjaNemec_ReplicateLayout.replicate_layout 1245:Remove bounding box top:75200000, bottom:87300000, Left:128950000, Right:229057000
12-31 20:33:51 com_github_MitjaNemec_ReplicateLayout.replicate_layout 1245:Remove bounding box top:87700000, bottom:99800000, Left:128950000, Right:229057000
12-31 20:33:51 root 337:updating GUI with: 71
12-31 20:33:51 com_github_MitjaNemec_ReplicateLayout.replicate_layout 1245:Remove bounding box top:100200000, bottom:112300000, Left:128950000, Right:229057000
12-31 20:33:51 com_github_MitjaNemec_ReplicateLayout.replicate_layout 1245:Remove bounding box top:112700000, bottom:124800000, Left:128950000, Right:229057000
12-31 20:33:51 root 332:updating GUI message: 'Replicating footprints'
12-31 20:33:51 com_github_MitjaNemec_ReplicateLayout.replicate_layout 806:Replicating footprints
12-31 20:33:51 com_github_MitjaNemec_ReplicateLayout.replicate_layout 813:Replicating footprints on sheet ['amp2']
12-31 20:33:51 com_github_MitjaNemec_ReplicateLayout.replicate_layout 813:Replicating footprints on sheet ['amp3']
12-31 20:33:51 com_github_MitjaNemec_ReplicateLayout.replicate_layout 813:Replicating footprints on sheet ['amp4']
12-31 20:33:51 root 337:updating GUI with: 30
12-31 20:33:51 com_github_MitjaNemec_ReplicateLayout.replicate_layout 813:Replicating footprints on sheet ['amp5']
12-31 20:33:51 com_github_MitjaNemec_ReplicateLayout.replicate_layout 813:Replicating footprints on sheet ['amp6']
12-31 20:33:51 com_github_MitjaNemec_ReplicateLayout.replicate_layout 813:Replicating footprints on sheet ['amp7']
12-31 20:33:51 com_github_MitjaNemec_ReplicateLayout.replicate_layout 813:Replicating footprints on sheet ['amp8']
12-31 20:33:51 com_github_MitjaNemec_ReplicateLayout.replicate_layout 280:Removing tracks and zones, after footprint placement
12-31 20:33:51 root 332:updating GUI message: 'Removing zones and tracks'
12-31 20:33:51 com_github_MitjaNemec_ReplicateLayout.replicate_layout 1245:Remove bounding box top:37700000, bottom:49800000, Left:128950000, Right:229057000
12-31 20:33:51 com_github_MitjaNemec_ReplicateLayout.replicate_layout 1245:Remove bounding box top:50200000, bottom:62300000, Left:128950000, Right:229057000
12-31 20:33:51 root 337:updating GUI with: 28
12-31 20:33:51 com_github_MitjaNemec_ReplicateLayout.replicate_layout 1245:Remove bounding box top:62700000, bottom:74800000, Left:128950000, Right:229057000
12-31 20:33:51 com_github_MitjaNemec_ReplicateLayout.replicate_layout 1245:Remove bounding box top:75200000, bottom:87300000, Left:128950000, Right:229057000
12-31 20:33:51 com_github_MitjaNemec_ReplicateLayout.replicate_layout 1245:Remove bounding box top:87700000, bottom:99800000, Left:128950000, Right:229057000
12-31 20:33:51 root 337:updating GUI with: 71
12-31 20:33:51 com_github_MitjaNemec_ReplicateLayout.replicate_layout 1245:Remove bounding box top:100200000, bottom:112300000, Left:128950000, Right:229057000
12-31 20:33:51 com_github_MitjaNemec_ReplicateLayout.replicate_layout 1245:Remove bounding box top:112700000, bottom:124800000, Left:128950000, Right:229057000
12-31 20:33:51 root 332:updating GUI message: 'Replicating tracks'
12-31 20:33:51 com_github_MitjaNemec_ReplicateLayout.replicate_layout 977:Replicating tracks
12-31 20:33:51 com_github_MitjaNemec_ReplicateLayout.replicate_layout 983:Replicating tracks on sheet ['amp2']
12-31 20:33:51 com_github_MitjaNemec_ReplicateLayout.replicate_layout 766:Net pairs for sheet ['amp2'] :[('OPD1_CATHODE', 'OPD2_CATHODE'), ('unconnected-(U10-TRIM-Pad5)', 'unconnected-(U3-TRIM-Pad5)'), ('5V', '5V'), ('12V', '12V'), ('/amp1/REFGND_0.5V', '/amp2/REFGND_0.5V'), ('GND', 'GND'), ('unconnected-(U10-TEMP-Pad3)', 'unconnected-(U3-TEMP-Pad3)'), ('Net-(U10-NR)', 'Net-(U3-NR)'), ('unconnected-(U11-OFFSET_TRIM_1-Pad1)', 'unconnected-(U15-OFFSET_TRIM_1-Pad1)'), ('unconnected-(U10-NC-Pad1)', 'unconnected-(U3-NC-Pad1)'), ('unconnected-(U11-NC-Pad5)', 'unconnected-(U15-NC-Pad5)'), ('unconnected-(U11-OFFSET_TRIM_2-Pad8)', 'unconnected-(U15-OFFSET_TRIM_2-Pad8)'), ('/amp1/REF_10.5V', '/amp2/REF_10.5V'), ('/amp1/AMPO', '/amp2/AMPO'), ('unconnected-(U12-NC-Pad5)', 'unconnected-(U16-NC-Pad5)'), ('/amp1/ISRC_+IN_0.5V', '/amp2/ISRC_+IN_0.5V'), ('unconnected-(U10-NC-Pad7)', 'unconnected-(U3-NC-Pad7)')]
12-31 20:33:51 com_github_MitjaNemec_ReplicateLayout.replicate_layout 983:Replicating tracks on sheet ['amp3']
12-31 20:33:51 com_github_MitjaNemec_ReplicateLayout.replicate_layout 766:Net pairs for sheet ['amp3'] :[('unconnected-(U10-NC-Pad1)', 'unconnected-(U17-NC-Pad1)'), ('unconnected-(U11-NC-Pad5)', 'unconnected-(U18-NC-Pad5)'), ('unconnected-(U10-NC-Pad7)', 'unconnected-(U17-NC-Pad7)'), ('5V', '5V'), ('unconnected-(U11-OFFSET_TRIM_1-Pad1)', 'unconnected-(U18-OFFSET_TRIM_1-Pad1)'), ('12V', '12V'), ('/amp1/ISRC_+IN_0.5V', '/amp3/ISRC_+IN_0.5V'), ('Net-(U10-NR)', 'Net-(U17-NR)'), ('GND', 'GND'), ('OPD1_CATHODE', 'OPD3_CATHODE'), ('unconnected-(U12-NC-Pad5)', 'unconnected-(U19-NC-Pad5)'), ('unconnected-(U10-TEMP-Pad3)', 'unconnected-(U17-TEMP-Pad3)'), ('/amp1/REFGND_0.5V', '/amp3/REFGND_0.5V'), ('/amp1/REF_10.5V', '/amp3/REF_10.5V'), ('unconnected-(U11-OFFSET_TRIM_2-Pad8)', 'unconnected-(U18-OFFSET_TRIM_2-Pad8)'), ('/amp1/AMPO', '/amp3/AMPO'), ('unconnected-(U10-TRIM-Pad5)', 'unconnected-(U17-TRIM-Pad5)')]
12-31 20:33:51 com_github_MitjaNemec_ReplicateLayout.replicate_layout 983:Replicating tracks on sheet ['amp4']
12-31 20:33:51 com_github_MitjaNemec_ReplicateLayout.replicate_layout 766:Net pairs for sheet ['amp4'] :[('OPD1_CATHODE', 'OPD4_CATHODE'), ('/amp1/REF_10.5V', '/amp4/REF_10.5V'), ('Net-(U10-NR)', 'Net-(U20-NR)'), ('5V', '5V'), ('unconnected-(U11-OFFSET_TRIM_2-Pad8)', 'unconnected-(U21-OFFSET_TRIM_2-Pad8)'), ('unconnected-(U12-NC-Pad5)', 'unconnected-(U22-NC-Pad5)'), ('12V', '12V'), ('unconnected-(U10-NC-Pad1)', 'unconnected-(U20-NC-Pad1)'), ('unconnected-(U10-TRIM-Pad5)', 'unconnected-(U20-TRIM-Pad5)'), ('GND', 'GND'), ('unconnected-(U11-NC-Pad5)', 'unconnected-(U21-NC-Pad5)'), ('unconnected-(U11-OFFSET_TRIM_1-Pad1)', 'unconnected-(U21-OFFSET_TRIM_1-Pad1)'), ('unconnected-(U10-TEMP-Pad3)', 'unconnected-(U20-TEMP-Pad3)'), ('/amp1/AMPO', '/amp4/AMPO'), ('/amp1/ISRC_+IN_0.5V', '/amp4/ISRC_+IN_0.5V'), ('/amp1/REFGND_0.5V', '/amp4/REFGND_0.5V'), ('unconnected-(U10-NC-Pad7)', 'unconnected-(U20-NC-Pad7)')]
12-31 20:33:51 root 337:updating GUI with: 28
12-31 20:33:51 com_github_MitjaNemec_ReplicateLayout.replicate_layout 983:Replicating tracks on sheet ['amp5']
12-31 20:33:51 com_github_MitjaNemec_ReplicateLayout.replicate_layout 766:Net pairs for sheet ['amp5'] :[('/amp1/AMPO', '/amp5/AMPO'), ('unconnected-(U10-TEMP-Pad3)', 'unconnected-(U23-TEMP-Pad3)'), ('5V', '5V'), ('OPD1_CATHODE', 'OPD5_CATHODE'), ('unconnected-(U10-TRIM-Pad5)', 'unconnected-(U23-TRIM-Pad5)'), ('12V', '12V'), ('unconnected-(U11-OFFSET_TRIM_2-Pad8)', 'unconnected-(U24-OFFSET_TRIM_2-Pad8)'), ('unconnected-(U12-NC-Pad5)', 'unconnected-(U36-NC-Pad5)'), ('/amp1/REFGND_0.5V', '/amp5/REFGND_0.5V'), ('unconnected-(U11-NC-Pad5)', 'unconnected-(U24-NC-Pad5)'), ('GND', 'GND'), ('/amp1/REF_10.5V', '/amp5/REF_10.5V'), ('unconnected-(U10-NC-Pad1)', 'unconnected-(U23-NC-Pad1)'), ('unconnected-(U10-NC-Pad7)', 'unconnected-(U23-NC-Pad7)'), ('unconnected-(U11-OFFSET_TRIM_1-Pad1)', 'unconnected-(U24-OFFSET_TRIM_1-Pad1)'), ('/amp1/ISRC_+IN_0.5V', '/amp5/ISRC_+IN_0.5V'), ('Net-(U10-NR)', 'Net-(U23-NR)')]
12-31 20:33:51 com_github_MitjaNemec_ReplicateLayout.replicate_layout 983:Replicating tracks on sheet ['amp6']
12-31 20:33:51 com_github_MitjaNemec_ReplicateLayout.replicate_layout 766:Net pairs for sheet ['amp6'] :[('/amp1/AMPO', '/amp6/AMPO'), ('unconnected-(U11-OFFSET_TRIM_2-Pad8)', 'unconnected-(U49-OFFSET_TRIM_2-Pad8)'), ('OPD1_CATHODE', 'OPD6_CATHODE'), ('5V', '5V'), ('/amp1/ISRC_+IN_0.5V', '/amp6/ISRC_+IN_0.5V'), ('12V', '12V'), ('unconnected-(U10-NC-Pad7)', 'unconnected-(U48-NC-Pad7)'), ('unconnected-(U11-NC-Pad5)', 'unconnected-(U49-NC-Pad5)'), ('GND', 'GND'), ('/amp1/REF_10.5V', '/amp6/REF_10.5V'), ('unconnected-(U10-TRIM-Pad5)', 'unconnected-(U48-TRIM-Pad5)'), ('/amp1/REFGND_0.5V', '/amp6/REFGND_0.5V'), ('Net-(U10-NR)', 'Net-(U48-NR)'), ('unconnected-(U11-OFFSET_TRIM_1-Pad1)', 'unconnected-(U49-OFFSET_TRIM_1-Pad1)'), ('unconnected-(U12-NC-Pad5)', 'unconnected-(U50-NC-Pad5)'), ('unconnected-(U10-NC-Pad1)', 'unconnected-(U48-NC-Pad1)'), ('unconnected-(U10-TEMP-Pad3)', 'unconnected-(U48-TEMP-Pad3)')]
12-31 20:33:51 com_github_MitjaNemec_ReplicateLayout.replicate_layout 983:Replicating tracks on sheet ['amp7']
12-31 20:33:51 com_github_MitjaNemec_ReplicateLayout.replicate_layout 766:Net pairs for sheet ['amp7'] :[('OPD1_CATHODE', 'OPD7_CATHODE'), ('unconnected-(U10-NC-Pad1)', 'unconnected-(U51-NC-Pad1)'), ('5V', '5V'), ('unconnected-(U11-NC-Pad5)', 'unconnected-(U52-NC-Pad5)'), ('/amp1/REFGND_0.5V', '/amp7/REFGND_0.5V'), ('12V', '12V'), ('/amp1/REF_10.5V', '/amp7/REF_10.5V'), ('GND', 'GND'), ('unconnected-(U10-TEMP-Pad3)', 'unconnected-(U51-TEMP-Pad3)'), ('unconnected-(U10-TRIM-Pad5)', 'unconnected-(U51-TRIM-Pad5)'), ('unconnected-(U10-NC-Pad7)', 'unconnected-(U51-NC-Pad7)'), ('unconnected-(U12-NC-Pad5)', 'unconnected-(U53-NC-Pad5)'), ('unconnected-(U11-OFFSET_TRIM_1-Pad1)', 'unconnected-(U52-OFFSET_TRIM_1-Pad1)'), ('/amp1/ISRC_+IN_0.5V', '/amp7/ISRC_+IN_0.5V'), ('Net-(U10-NR)', 'Net-(U51-NR)'), ('unconnected-(U11-OFFSET_TRIM_2-Pad8)', 'unconnected-(U52-OFFSET_TRIM_2-Pad8)'), ('/amp1/AMPO', '/amp7/AMPO')]
12-31 20:33:51 com_github_MitjaNemec_ReplicateLayout.replicate_layout 983:Replicating tracks on sheet ['amp8']
12-31 20:33:51 com_github_MitjaNemec_ReplicateLayout.replicate_layout 766:Net pairs for sheet ['amp8'] :[('unconnected-(U12-NC-Pad5)', 'unconnected-(U47-NC-Pad5)'), ('OPD1_CATHODE', 'OPD8_CATHODE'), ('5V', '5V'), ('/amp1/REF_10.5V', '/amp8/REF_10.5V'), ('unconnected-(U11-OFFSET_TRIM_1-Pad1)', 'unconnected-(U46-OFFSET_TRIM_1-Pad1)'), ('12V', '12V'), ('unconnected-(U10-TRIM-Pad5)', 'unconnected-(U45-TRIM-Pad5)'), ('unconnected-(U10-TEMP-Pad3)', 'unconnected-(U45-TEMP-Pad3)'), ('/amp1/ISRC_+IN_0.5V', '/amp8/ISRC_+IN_0.5V'), ('unconnected-(U11-NC-Pad5)', 'unconnected-(U46-NC-Pad5)'), ('GND', 'GND'), ('/amp1/REFGND_0.5V', '/amp8/REFGND_0.5V'), ('unconnected-(U10-NC-Pad7)', 'unconnected-(U45-NC-Pad7)'), ('unconnected-(U11-OFFSET_TRIM_2-Pad8)', 'unconnected-(U46-OFFSET_TRIM_2-Pad8)'), ('/amp1/AMPO', '/amp8/AMPO'), ('Net-(U10-NR)', 'Net-(U45-NR)'), ('unconnected-(U10-NC-Pad1)', 'unconnected-(U45-NC-Pad1)')]
12-31 20:33:51 root 332:updating GUI message: 'Replicating zones'
12-31 20:33:51 com_github_MitjaNemec_ReplicateLayout.replicate_layout 1047:Replicating zones
12-31 20:33:51 com_github_MitjaNemec_ReplicateLayout.replicate_layout 1054:Replicating zones on sheet ['amp2']
12-31 20:33:51 com_github_MitjaNemec_ReplicateLayout.replicate_layout 766:Net pairs for sheet ['amp2'] :[('OPD1_CATHODE', 'OPD2_CATHODE'), ('unconnected-(U10-TRIM-Pad5)', 'unconnected-(U3-TRIM-Pad5)'), ('5V', '5V'), ('12V', '12V'), ('/amp1/REFGND_0.5V', '/amp2/REFGND_0.5V'), ('GND', 'GND'), ('unconnected-(U10-TEMP-Pad3)', 'unconnected-(U3-TEMP-Pad3)'), ('Net-(U10-NR)', 'Net-(U3-NR)'), ('unconnected-(U11-OFFSET_TRIM_1-Pad1)', 'unconnected-(U15-OFFSET_TRIM_1-Pad1)'), ('unconnected-(U10-NC-Pad1)', 'unconnected-(U3-NC-Pad1)'), ('unconnected-(U11-NC-Pad5)', 'unconnected-(U15-NC-Pad5)'), ('unconnected-(U11-OFFSET_TRIM_2-Pad8)', 'unconnected-(U15-OFFSET_TRIM_2-Pad8)'), ('/amp1/REF_10.5V', '/amp2/REF_10.5V'), ('/amp1/AMPO', '/amp2/AMPO'), ('unconnected-(U12-NC-Pad5)', 'unconnected-(U16-NC-Pad5)'), ('/amp1/ISRC_+IN_0.5V', '/amp2/ISRC_+IN_0.5V'), ('unconnected-(U10-NC-Pad7)', 'unconnected-(U3-NC-Pad7)')]
12-31 20:33:51 com_github_MitjaNemec_ReplicateLayout.replicate_layout 1054:Replicating zones on sheet ['amp3']
12-31 20:33:51 com_github_MitjaNemec_ReplicateLayout.replicate_layout 766:Net pairs for sheet ['amp3'] :[('unconnected-(U10-NC-Pad1)', 'unconnected-(U17-NC-Pad1)'), ('unconnected-(U11-NC-Pad5)', 'unconnected-(U18-NC-Pad5)'), ('unconnected-(U10-NC-Pad7)', 'unconnected-(U17-NC-Pad7)'), ('5V', '5V'), ('unconnected-(U11-OFFSET_TRIM_1-Pad1)', 'unconnected-(U18-OFFSET_TRIM_1-Pad1)'), ('12V', '12V'), ('/amp1/ISRC_+IN_0.5V', '/amp3/ISRC_+IN_0.5V'), ('Net-(U10-NR)', 'Net-(U17-NR)'), ('GND', 'GND'), ('OPD1_CATHODE', 'OPD3_CATHODE'), ('unconnected-(U12-NC-Pad5)', 'unconnected-(U19-NC-Pad5)'), ('unconnected-(U10-TEMP-Pad3)', 'unconnected-(U17-TEMP-Pad3)'), ('/amp1/REFGND_0.5V', '/amp3/REFGND_0.5V'), ('/amp1/REF_10.5V', '/amp3/REF_10.5V'), ('unconnected-(U11-OFFSET_TRIM_2-Pad8)', 'unconnected-(U18-OFFSET_TRIM_2-Pad8)'), ('/amp1/AMPO', '/amp3/AMPO'), ('unconnected-(U10-TRIM-Pad5)', 'unconnected-(U17-TRIM-Pad5)')]
12-31 20:33:51 com_github_MitjaNemec_ReplicateLayout.replicate_layout 1054:Replicating zones on sheet ['amp4']
12-31 20:33:51 com_github_MitjaNemec_ReplicateLayout.replicate_layout 766:Net pairs for sheet ['amp4'] :[('OPD1_CATHODE', 'OPD4_CATHODE'), ('/amp1/REF_10.5V', '/amp4/REF_10.5V'), ('Net-(U10-NR)', 'Net-(U20-NR)'), ('5V', '5V'), ('unconnected-(U11-OFFSET_TRIM_2-Pad8)', 'unconnected-(U21-OFFSET_TRIM_2-Pad8)'), ('unconnected-(U12-NC-Pad5)', 'unconnected-(U22-NC-Pad5)'), ('12V', '12V'), ('unconnected-(U10-NC-Pad1)', 'unconnected-(U20-NC-Pad1)'), ('unconnected-(U10-TRIM-Pad5)', 'unconnected-(U20-TRIM-Pad5)'), ('GND', 'GND'), ('unconnected-(U11-NC-Pad5)', 'unconnected-(U21-NC-Pad5)'), ('unconnected-(U11-OFFSET_TRIM_1-Pad1)', 'unconnected-(U21-OFFSET_TRIM_1-Pad1)'), ('unconnected-(U10-TEMP-Pad3)', 'unconnected-(U20-TEMP-Pad3)'), ('/amp1/AMPO', '/amp4/AMPO'), ('/amp1/ISRC_+IN_0.5V', '/amp4/ISRC_+IN_0.5V'), ('/amp1/REFGND_0.5V', '/amp4/REFGND_0.5V'), ('unconnected-(U10-NC-Pad7)', 'unconnected-(U20-NC-Pad7)')]
12-31 20:33:51 root 337:updating GUI with: 42
12-31 20:33:51 com_github_MitjaNemec_ReplicateLayout.replicate_layout 1054:Replicating zones on sheet ['amp5']
12-31 20:33:51 com_github_MitjaNemec_ReplicateLayout.replicate_layout 766:Net pairs for sheet ['amp5'] :[('/amp1/AMPO', '/amp5/AMPO'), ('unconnected-(U10-TEMP-Pad3)', 'unconnected-(U23-TEMP-Pad3)'), ('5V', '5V'), ('OPD1_CATHODE', 'OPD5_CATHODE'), ('unconnected-(U10-TRIM-Pad5)', 'unconnected-(U23-TRIM-Pad5)'), ('12V', '12V'), ('unconnected-(U11-OFFSET_TRIM_2-Pad8)', 'unconnected-(U24-OFFSET_TRIM_2-Pad8)'), ('unconnected-(U12-NC-Pad5)', 'unconnected-(U36-NC-Pad5)'), ('/amp1/REFGND_0.5V', '/amp5/REFGND_0.5V'), ('unconnected-(U11-NC-Pad5)', 'unconnected-(U24-NC-Pad5)'), ('GND', 'GND'), ('/amp1/REF_10.5V', '/amp5/REF_10.5V'), ('unconnected-(U10-NC-Pad1)', 'unconnected-(U23-NC-Pad1)'), ('unconnected-(U10-NC-Pad7)', 'unconnected-(U23-NC-Pad7)'), ('unconnected-(U11-OFFSET_TRIM_1-Pad1)', 'unconnected-(U24-OFFSET_TRIM_1-Pad1)'), ('/amp1/ISRC_+IN_0.5V', '/amp5/ISRC_+IN_0.5V'), ('Net-(U10-NR)', 'Net-(U23-NR)')]
12-31 20:33:51 com_github_MitjaNemec_ReplicateLayout.replicate_layout 1054:Replicating zones on sheet ['amp6']
12-31 20:33:51 com_github_MitjaNemec_ReplicateLayout.replicate_layout 766:Net pairs for sheet ['amp6'] :[('/amp1/AMPO', '/amp6/AMPO'), ('unconnected-(U11-OFFSET_TRIM_2-Pad8)', 'unconnected-(U49-OFFSET_TRIM_2-Pad8)'), ('OPD1_CATHODE', 'OPD6_CATHODE'), ('5V', '5V'), ('/amp1/ISRC_+IN_0.5V', '/amp6/ISRC_+IN_0.5V'), ('12V', '12V'), ('unconnected-(U10-NC-Pad7)', 'unconnected-(U48-NC-Pad7)'), ('unconnected-(U11-NC-Pad5)', 'unconnected-(U49-NC-Pad5)'), ('GND', 'GND'), ('/amp1/REF_10.5V', '/amp6/REF_10.5V'), ('unconnected-(U10-TRIM-Pad5)', 'unconnected-(U48-TRIM-Pad5)'), ('/amp1/REFGND_0.5V', '/amp6/REFGND_0.5V'), ('Net-(U10-NR)', 'Net-(U48-NR)'), ('unconnected-(U11-OFFSET_TRIM_1-Pad1)', 'unconnected-(U49-OFFSET_TRIM_1-Pad1)'), ('unconnected-(U12-NC-Pad5)', 'unconnected-(U50-NC-Pad5)'), ('unconnected-(U10-NC-Pad1)', 'unconnected-(U48-NC-Pad1)'), ('unconnected-(U10-TEMP-Pad3)', 'unconnected-(U48-TEMP-Pad3)')]
12-31 20:33:51 com_github_MitjaNemec_ReplicateLayout.replicate_layout 1054:Replicating zones on sheet ['amp7']
12-31 20:33:51 com_github_MitjaNemec_ReplicateLayout.replicate_layout 766:Net pairs for sheet ['amp7'] :[('OPD1_CATHODE', 'OPD7_CATHODE'), ('unconnected-(U10-NC-Pad1)', 'unconnected-(U51-NC-Pad1)'), ('5V', '5V'), ('unconnected-(U11-NC-Pad5)', 'unconnected-(U52-NC-Pad5)'), ('/amp1/REFGND_0.5V', '/amp7/REFGND_0.5V'), ('12V', '12V'), ('/amp1/REF_10.5V', '/amp7/REF_10.5V'), ('GND', 'GND'), ('unconnected-(U10-TEMP-Pad3)', 'unconnected-(U51-TEMP-Pad3)'), ('unconnected-(U10-TRIM-Pad5)', 'unconnected-(U51-TRIM-Pad5)'), ('unconnected-(U10-NC-Pad7)', 'unconnected-(U51-NC-Pad7)'), ('unconnected-(U12-NC-Pad5)', 'unconnected-(U53-NC-Pad5)'), ('unconnected-(U11-OFFSET_TRIM_1-Pad1)', 'unconnected-(U52-OFFSET_TRIM_1-Pad1)'), ('/amp1/ISRC_+IN_0.5V', '/amp7/ISRC_+IN_0.5V'), ('Net-(U10-NR)', 'Net-(U51-NR)'), ('unconnected-(U11-OFFSET_TRIM_2-Pad8)', 'unconnected-(U52-OFFSET_TRIM_2-Pad8)'), ('/amp1/AMPO', '/amp7/AMPO')]
12-31 20:33:51 com_github_MitjaNemec_ReplicateLayout.replicate_layout 1054:Replicating zones on sheet ['amp8']
12-31 20:33:51 com_github_MitjaNemec_ReplicateLayout.replicate_layout 766:Net pairs for sheet ['amp8'] :[('unconnected-(U12-NC-Pad5)', 'unconnected-(U47-NC-Pad5)'), ('OPD1_CATHODE', 'OPD8_CATHODE'), ('5V', '5V'), ('/amp1/REF_10.5V', '/amp8/REF_10.5V'), ('unconnected-(U11-OFFSET_TRIM_1-Pad1)', 'unconnected-(U46-OFFSET_TRIM_1-Pad1)'), ('12V', '12V'), ('unconnected-(U10-TRIM-Pad5)', 'unconnected-(U45-TRIM-Pad5)'), ('unconnected-(U10-TEMP-Pad3)', 'unconnected-(U45-TEMP-Pad3)'), ('/amp1/ISRC_+IN_0.5V', '/amp8/ISRC_+IN_0.5V'), ('unconnected-(U11-NC-Pad5)', 'unconnected-(U46-NC-Pad5)'), ('GND', 'GND'), ('/amp1/REFGND_0.5V', '/amp8/REFGND_0.5V'), ('unconnected-(U10-NC-Pad7)', 'unconnected-(U45-NC-Pad7)'), ('unconnected-(U11-OFFSET_TRIM_2-Pad8)', 'unconnected-(U46-OFFSET_TRIM_2-Pad8)'), ('/amp1/AMPO', '/amp8/AMPO'), ('Net-(U10-NR)', 'Net-(U45-NR)'), ('unconnected-(U10-NC-Pad1)', 'unconnected-(U45-NC-Pad1)')]
12-31 20:33:51 root 332:updating GUI message: 'Replicating text'
12-31 20:33:51 com_github_MitjaNemec_ReplicateLayout.replicate_layout 1136:Replicating text
12-31 20:33:51 com_github_MitjaNemec_ReplicateLayout.replicate_layout 1143:Replicating text on sheet ['amp2']
12-31 20:33:51 com_github_MitjaNemec_ReplicateLayout.replicate_layout 1143:Replicating text on sheet ['amp3']
12-31 20:33:51 com_github_MitjaNemec_ReplicateLayout.replicate_layout 1143:Replicating text on sheet ['amp4']
12-31 20:33:51 com_github_MitjaNemec_ReplicateLayout.replicate_layout 1143:Replicating text on sheet ['amp5']
12-31 20:33:51 com_github_MitjaNemec_ReplicateLayout.replicate_layout 1143:Replicating text on sheet ['amp6']
12-31 20:33:51 com_github_MitjaNemec_ReplicateLayout.replicate_layout 1143:Replicating text on sheet ['amp7']
12-31 20:33:51 com_github_MitjaNemec_ReplicateLayout.replicate_layout 1143:Replicating text on sheet ['amp8']
12-31 20:33:51 root 332:updating GUI message: 'Replicating drawings'
12-31 20:33:51 com_github_MitjaNemec_ReplicateLayout.replicate_layout 1187:Replicating drawings
12-31 20:33:51 com_github_MitjaNemec_ReplicateLayout.replicate_layout 1193:Replicating drawings on sheet ['amp2']
12-31 20:33:51 com_github_MitjaNemec_ReplicateLayout.replicate_layout 1193:Replicating drawings on sheet ['amp3']
12-31 20:33:51 com_github_MitjaNemec_ReplicateLayout.replicate_layout 1193:Replicating drawings on sheet ['amp4']
12-31 20:33:51 com_github_MitjaNemec_ReplicateLayout.replicate_layout 1193:Replicating drawings on sheet ['amp5']
12-31 20:33:51 com_github_MitjaNemec_ReplicateLayout.replicate_layout 1193:Replicating drawings on sheet ['amp6']
12-31 20:33:51 com_github_MitjaNemec_ReplicateLayout.replicate_layout 1193:Replicating drawings on sheet ['amp7']
12-31 20:33:51 com_github_MitjaNemec_ReplicateLayout.replicate_layout 1193:Replicating drawings on sheet ['amp8']
12-31 20:33:51 root 332:updating GUI message: 'Removing duplicates'
12-31 20:33:52 com_github_MitjaNemec_ReplicateLayout.action_replicate_layout 256:Replication complete
